c:\users\proj\vepromdephy\vepromdephy\x64\debug\vc143.pdb
c:\users\proj\vepromdephy\vepromdephy\x64\debug\vc143.idb
c:\users\proj\vepromdephy\vepromdephy\x64\debug\vepromdephy.obj
c:\users\proj\vepromdephy\vepromdephy\x64\debug\veprom.obj
c:\users\proj\vepromdephy\vepromdephy\x64\debug\emulator.obj
c:\users\proj\vepromdephy\x64\debug\vepromdephy.exe
c:\users\proj\vepromdephy\vepromdephy\x64\debug\vepromdephy.ilk
c:\users\proj\vepromdephy\x64\debug\vepromdephy.pdb
c:\users\proj\coding_assignment\vepromdephy\vepromdephy\x64\debug\emulator.obj
c:\users\proj\coding_assignment\vepromdephy\vepromdephy\x64\debug\veprom.obj
c:\users\proj\coding_assignment\vepromdephy\vepromdephy\x64\debug\vepromdephy.obj
c:\users\proj\coding_assignment\vepromdephy\vepromdephy\x64\debug\vepromdephy.ilk
c:\users\proj\coding_assignment\vepromdephy\vepromdephy\x64\debug\vc143.idb
c:\users\proj\coding_assignment\vepromdephy\vepromdephy\x64\debug\vc143.pdb
c:\users\proj\coding_assignment\vepromdephy\x64\debug\vepromdephy.pdb
c:\users\proj\coding_assignment\vepromdephy\x64\debug\vepromdephy.exe
c:\users\proj\coding_assignment\vepromdephy\vepromdephy\x64\debug\vepromdephy.tlog\cl.command.1.tlog
c:\users\proj\coding_assignment\vepromdephy\vepromdephy\x64\debug\vepromdephy.tlog\cl.read.1.tlog
c:\users\proj\coding_assignment\vepromdephy\vepromdephy\x64\debug\vepromdephy.tlog\cl.write.1.tlog
c:\users\proj\coding_assignment\vepromdephy\vepromdephy\x64\debug\vepromdephy.tlog\link.command.1.tlog
c:\users\proj\coding_assignment\vepromdephy\vepromdephy\x64\debug\vepromdephy.tlog\link.read.1.tlog
c:\users\proj\coding_assignment\vepromdephy\vepromdephy\x64\debug\vepromdephy.tlog\link.write.1.tlog
